2017-05-22 18:49:43,770  INFO - 恭喜姓名为6的用户开卡成功，你的卡号为5，你的信用额度为15000元,你的还款日期为每月第22天
2017-05-22 18:49:51,395  INFO - 开号为5的用户，查询了用户信息
2017-05-22 18:50:04,862  INFO - 开号为5的用户，查询了用户信息
2017-05-22 18:50:57,866  INFO - 姓名为[6]的用户，开号为[5]提现[100]元成功，剩余金额为[14895.0]元
2017-05-22 18:51:24,507  INFO - 姓名为[6]的用户，开号为[5]还款[20000]元成功，剩余金额为[34895.0]元
2017-05-22 19:07:46,807  INFO - 开号为1的用户,您输入的密码不正确

2017-05-22 19:07:46,807  INFO - 开号为1的用户,您输入的密码不正确

2017-05-22 19:08:04,775  INFO - 开号为1的用户,您输入的密码不正确

2017-05-22 19:08:04,775  INFO - 开号为1的用户,您输入的密码不正确

2017-05-22 19:39:43,363  INFO - 恭喜姓名为6的用户开卡成功，你的卡号为6，你的信用额度为15000元,你的还款日期为每月第22天
2017-05-22 19:39:55,133  INFO - 姓名为[6]的用户，开号为[6]额度金额变为[14895.0]元
2017-05-22 19:39:55,133  INFO - 姓名为[6]的用户，开号为[6]提现[100]元成功，剩余金额为[14895.0]元
2017-05-22 19:42:10,894  INFO - 姓名为[6]的用户，开号为[6]额度金额变为[14995.0]元
2017-05-22 19:42:10,894  INFO - 姓名为[6]的用户，开号为[6]还款[100]元成功，剩余金额为[14995.0]元
2017-05-22 20:06:03,919  INFO - 恭喜姓名为3的用户开卡成功，你的卡号为7，你的信用额度为15000元,你的还款日期为每月第22天
2017-05-22 20:16:30,159  INFO - 开号为[%s]向开号为[%s]转账[%s]元成功
2017-05-22 20:18:25,906  INFO - 开号为[3]向开号为[6]转账[100]元成功
2017-05-22 20:35:29,753  INFO - 开号为3的用户，查询了用户信息
2017-05-22 20:36:10,647  INFO - 姓名为[admin]的用户，开号为[1]额度金额变为[14895.0]元
2017-05-22 20:36:10,648  INFO - 姓名为[admin]的用户，开号为[1]提现[100]元成功，剩余金额为[14895.0]元
2017-05-22 20:36:20,383  INFO - 姓名为[admin]的用户，开号为[1]额度金额变为[14995.0]元
2017-05-22 20:36:20,383  INFO - 姓名为[admin]的用户，开号为[1]还款[100]元成功，剩余金额为[14995.0]元
2017-05-22 20:57:56,861  INFO - 开号为[6]修改还款日为[4]
2017-05-22 21:01:43,626  INFO - 开号为[3]修改额度为[20000]元
2017-05-22 21:01:55,940  INFO - 开号为[3]修改还款日为[26]
2017-05-22 21:03:11,077  INFO - 开号为[3]已冻结
2017-05-22 21:09:07,319  INFO - 恭喜姓名为1的用户开卡成功，你的卡号为1，你的信用额度为15000元,你的还款日期为每月第22天
2017-05-22 21:09:48,103  INFO - 开号为1的用户，查询了用户信息
2017-05-22 21:10:04,724  INFO - 恭喜姓名为2的用户开卡成功，你的卡号为2，你的信用额度为15000元,你的还款日期为每月第22天
2017-05-22 21:10:50,551  INFO - 开号为1的用户,您输入的密码不正确

2017-05-22 21:10:50,551  INFO - 开号为1的用户,您输入的密码不正确

2017-05-22 21:11:01,016  INFO - 开号为1的用户,您输入的密码不正确

2017-05-22 21:11:01,016  INFO - 开号为1的用户,您输入的密码不正确

2017-05-22 21:11:01,016  INFO - 开号为1的用户,您输入的密码不正确

2017-05-22 21:11:09,957  ERROR - 开号为的用户,密码已输错3次

2017-05-22 21:11:09,957  ERROR - 开号为的用户,密码已输错3次

2017-05-22 21:11:09,957  ERROR - 开号为的用户,密码已输错3次

2017-05-22 21:11:09,957  ERROR - 开号为的用户,密码已输错3次

2017-05-22 21:13:23,682  INFO - 恭喜姓名为[1]的用户开卡成功，你的卡号为[1]，你的信用额度为[15000]元,你的还款日期为每月第22天
2017-05-22 21:13:23,682  INFO - 恭喜姓名为[1]的用户开卡成功，你的卡号为[1]，你的信用额度为[15000]元,你的还款日期为每月第22天
2017-05-22 21:16:55,691  INFO - 恭喜姓名为[1]的用户开卡成功，你的卡号为[1]，你的信用额度为[15000]元,你的还款日期为每月第22天
2017-05-22 21:16:55,691  INFO - 恭喜姓名为[1]的用户开卡成功，你的卡号为[1]，你的信用额度为[15000]元,你的还款日期为每月第22天
2017-05-22 21:17:12,390  INFO - 开号为1的用户，查询了用户信息
2017-05-22 21:17:12,390  INFO - 开号为1的用户，查询了用户信息
2017-05-22 21:17:49,190  INFO - 开号为[1]修改额度为[20000]元
2017-05-22 21:17:49,190  INFO - 开号为[1]修改额度为[20000]元
2017-05-22 21:19:22,994  INFO - 恭喜姓名为[2]的用户开卡成功，你的卡号为[2]，你的信用额度为[15000]元,你的还款日期为每月第22天
2017-05-22 21:19:22,994  INFO - 恭喜姓名为[2]的用户开卡成功，你的卡号为[2]，你的信用额度为[15000]元,你的还款日期为每月第22天
2017-05-22 21:19:36,711  INFO - 姓名为[2]的用户，开号为[2]额度金额变为[13950.0]元
2017-05-22 21:19:36,711  INFO - 姓名为[2]的用户，开号为[2]额度金额变为[13950.0]元
2017-05-22 21:19:36,712  INFO - 姓名为[2]的用户，开号为[2]提现[1000]元成功，剩余金额为[13950.0]元
2017-05-22 21:19:36,712  INFO - 姓名为[2]的用户，开号为[2]提现[1000]元成功，剩余金额为[13950.0]元
2017-05-22 21:20:36,007  INFO - 姓名为[2]的用户，开号为[2]额度金额变为[14950.0]元
2017-05-22 21:20:36,007  INFO - 姓名为[2]的用户，开号为[2]额度金额变为[14950.0]元
2017-05-22 21:20:36,008  INFO - 姓名为[2]的用户，开号为[2]还款[1000]元成功，剩余金额为[14950.0]元
2017-05-22 21:20:36,008  INFO - 姓名为[2]的用户，开号为[2]还款[1000]元成功，剩余金额为[14950.0]元
2017-05-23 09:27:35,102  INFO - 开号为1的用户，查询了用户信息
2017-05-23 09:28:24,124  INFO - 开号为2的用户，查询了用户信息
2017-05-23 09:29:10,235  INFO - 开号为[2]修改额度为[20000]元
2017-05-23 09:29:35,660  INFO - 开号为[2]修改还款日为[3]
2017-05-23 09:31:40,760  INFO - 姓名为[2]的用户，开号为[2]额度金额变为[13795.0]元
2017-05-23 09:31:40,760  INFO - 姓名为[2]的用户，开号为[2]提现[100]元成功，剩余金额为[13795.0]元
2017-05-23 09:31:58,367  INFO - 姓名为[2]的用户，开号为[2]额度金额变为[13895.0]元
2017-05-23 09:31:58,368  INFO - 姓名为[2]的用户，开号为[2]还款[100]元成功，剩余金额为[13895.0]元
2017-05-23 09:32:07,560  INFO - 开号为[2]向开号为[1]转账[100]元成功
2017-05-23 09:32:27,690  INFO - 开号为2的用户，查询了用户信息
2017-05-23 09:32:39,243  INFO - 姓名为[1]的用户，开号为[1]额度金额变为[14990.0]元
2017-05-23 09:32:39,243  INFO - 姓名为[1]的用户，开号为[1]提现[100]元成功，剩余金额为[14990.0]元
2017-05-23 09:32:55,621  INFO - 开号为[2]修改额度为[20000]元
2017-05-23 09:35:46,657  INFO - 开号为2的用户，查询了用户信息
2017-05-23 09:36:14,772  INFO - 开号为[2]修改额度为[200000]元
2017-05-23 09:36:55,061  INFO - 开号为[2]修改额度为[1000000]元
2017-05-23 09:39:36,045  INFO - 开号为[2]修改额度为[20000]元
2017-05-23 09:41:23,672  INFO - 开号为[2]修改额度为[20000]元
2017-05-23 09:42:14,365  INFO - 开号为[2]修改额度为[2000]元
2017-05-23 09:45:41,759  INFO - 开号为[2]修改额度为[20000]元
2017-05-23 10:02:14,268  ERROR - 开号为2的用户,您的信用卡已过期

2017-05-23 10:02:30,499  INFO - 开号为2的用户，查询了用户信息
2017-05-23 10:03:01,031  INFO - 开号为[2]修改额度为[200000]元
2017-05-23 10:44:18,502  INFO - 开号为1的用户,您输入的密码不正确

2017-05-23 10:44:30,301  INFO - 姓名为[1]的用户，开号为[1]额度金额变为[5991.0]元
2017-05-23 10:44:30,301  INFO - 开号为[1]消费[8999.0]元
2017-05-23 10:44:54,696  INFO - 姓名为[1]的用户，开号为[1]额度金额变为[993.0]元
2017-05-23 10:44:54,696  INFO - 开号为[1]消费[4998.0]元
2017-05-23 10:52:27,310  INFO - 开号为1的用户,您输入的密码不正确

2017-05-23 10:52:30,306  INFO - 开号为[1]消费[8999.0]元失败
2017-05-23 10:53:42,572  INFO - 开号为[1]消费[2999.0]元失败
2017-05-23 10:56:26,380  INFO - 开号为[1]消费[8999.0]元失败
2017-05-23 11:40:37,823  ERROR - 开号为2的用户,您的信用卡已过期

2017-05-23 11:42:18,799  ERROR - 开号为2的用户,您的信用卡已过期

2017-05-23 11:42:30,371  INFO - 恭喜姓名为[3]的用户开卡成功，你的卡号为[3]，你的信用额度为[15000]元,你的还款日期为每月第22天
2017-05-23 11:42:39,177  INFO - 姓名为[3]的用户，开号为[3]额度金额变为[14895.0]元
2017-05-23 11:42:39,177  INFO - 姓名为[3]的用户，开号为[3]提现[100]元成功，剩余金额为[14895.0]元
2017-05-23 11:44:43,092  INFO - 开号为3的用户，查询了用户信息
2017-05-23 11:44:50,460  INFO - 开号为3的用户，查询了用户信息
2017-05-23 11:46:20,779  ERROR - 开号为2的用户,您的信用卡已过期

2017-05-23 11:47:01,100  INFO - 开号为3的用户，查询了用户信息
2017-05-23 11:47:37,503  INFO - 开号为2的用户,您输入的密码不正确

2017-05-23 11:50:42,488  INFO - 姓名为[3]的用户，开号为[3]额度金额变为[14790.0]元
2017-05-23 11:50:42,489  INFO - 姓名为[3]的用户，开号为[3]提现[100]元成功，剩余金额为[14790.0]元
2017-05-23 12:21:31,127  INFO - 姓名为[3]的用户，开号为[3]额度金额变为[13740.0]元
2017-05-23 12:21:31,127  INFO - 姓名为[3]的用户，开号为[3]提现[1000]元成功，剩余金额为[13740.0]元
2017-05-23 12:22:56,488  INFO - 姓名为[3]的用户，开号为[3]额度金额变为[13635.0]元
2017-05-23 12:22:56,488  INFO - 姓名为[3]的用户，开号为[3]提现[100]元成功，剩余金额为[13635.0]元
2017-05-23 12:26:17,356  ERROR - 开号为的用户,密码已输错3次

2017-05-23 12:27:15,874  INFO - 姓名为[3]的用户，开号为[3]额度金额变为[13530.0]元
2017-05-23 12:27:15,874  INFO - 姓名为[3]的用户，开号为[3]提现[100]元成功，剩余金额为[13530.0]元
2017-05-23 12:28:50,749  INFO - 姓名为[3]的用户，开号为[3]额度金额变为[13425.0]元
2017-05-23 12:28:50,749  INFO - 姓名为[3]的用户，开号为[3]提现[100]元成功，剩余金额为[13425.0]元
2017-05-23 12:28:54,184  INFO - 姓名为[3]的用户，开号为[3]额度金额变为[13525.0]元
2017-05-23 12:28:54,184  INFO - 姓名为[3]的用户，开号为[3]还款[100]元成功，剩余金额为[13525.0]元
2017-05-23 12:33:04,342  ERROR - 开号为2的用户,您的信用卡已过期

2017-05-24 17:06:15,049  INFO - 恭喜姓名为[4]的用户开卡成功，你的卡号为[4]，你的信用额度为[15000]元,你的还款日期为每月第22天
2017-05-24 18:21:35,626  INFO - 开号为4的用户,您输入的密码不正确

2017-05-24 18:21:39,936  INFO - 姓名为[4]的用户，开号为[4]额度金额变为[3992.0]元
2017-05-24 18:21:39,936  INFO - 开号为[4]消费[10998.0]元
2017-05-24 18:33:20,785  INFO - 开号为4的用户,您输入的密码不正确

2017-05-24 18:33:24,888  INFO - 开号为[4]消费[8999.0]元失败
2017-05-24 18:33:53,519  INFO - 姓名为[4]的用户，开号为[4]额度金额变为[11001.0]元
2017-05-24 18:33:53,519  INFO - 开号为[4]消费[8999.0]元
2017-05-24 18:35:12,637  INFO - 姓名为[4]的用户，开号为[4]额度金额变为[9002.0]元
2017-05-24 18:35:12,637  INFO - 开号为[4]消费[1999.0]元
2017-05-24 18:35:53,174  INFO - 姓名为[4]的用户，开号为[4]额度金额变为[7003.0]元
2017-05-24 18:35:53,174  INFO - 开号为[4]消费[1999.0]元
2017-05-24 18:37:58,279  INFO - 姓名为[4]的用户，开号为[4]额度金额变为[5004.0]元
2017-05-24 18:37:58,279  INFO - 开号为[4]消费[1999.0]元
2017-05-24 18:39:27,172  INFO - 姓名为[4]的用户，开号为[4]额度金额变为[3005.0]元
2017-05-24 18:39:27,172  INFO - 开号为[4]消费[1999.0]元
2017-05-24 18:40:54,961  INFO - 姓名为[4]的用户，开号为[4]额度金额变为[1006.0]元
2017-05-24 18:40:54,962  INFO - 开号为[4]消费[1999.0]元
2017-05-24 18:44:10,375  INFO - 开号为[4]消费[11998.0]元失败
2017-05-24 18:44:24,756  INFO - 开号为[4]消费[2999.0]元失败
2017-05-24 18:44:55,121  INFO - 姓名为[4]的用户，开号为[4]额度金额变为[9008.0]元
2017-05-24 18:44:55,121  INFO - 开号为[4]消费[11998.0]元
2017-05-24 18:50:21,416  INFO - 姓名为[4]的用户，开号为[4]额度金额变为[20000.0]元
2017-05-24 18:50:21,416  INFO - 姓名为[4]的用户，开号为[4]还款[10992]元成功，剩余金额为[20000.0]元
