2017-05-22 18:50:57,866  INFO - account:5   action:withdraw    amount:100.0   interest:5.0
2017-05-22 18:51:24,507  INFO - account:5   action:repay    amount:20000.0   interest:0.0
2017-05-22 19:39:55,132  INFO - account:6   action:withdraw    amount:100.0   interest:5.0
2017-05-22 19:42:10,894  INFO - account:6   action:repay    amount:100.0   interest:0.0
2017-05-22 19:42:38,894  INFO - account:6   action:transfer    amount:100.0   interest:5.0
2017-05-22 19:42:38,897  INFO - account:5   action:repay    amount:100.0   interest:0.0
2017-05-22 20:06:20,904  INFO - account:7   action:transfer    amount:100.0   interest:5.0
2017-05-22 20:11:57,535  INFO - account:3   action:transfer    amount:1000.0   interest:50.0
2017-05-22 20:11:57,537  INFO - account:5   action:repay    amount:1000.0   interest:0.0
2017-05-22 20:14:08,847  INFO - account:3   action:transfer    amount:1000.0   interest:50.0
2017-05-22 20:14:08,849  INFO - account:6   action:repay    amount:1000.0   interest:0.0
2017-05-22 20:15:04,992  INFO - account:3   action:transfer    amount:1000.0   interest:50.0
2017-05-22 20:15:04,993  INFO - account:6   action:repay    amount:1000.0   interest:0.0
2017-05-22 20:16:30,158  INFO - account:3   action:transfer    amount:1000.0   interest:50.0
2017-05-22 20:16:30,159  INFO - account:6   action:repay    amount:1000.0   interest:0.0
2017-05-22 20:18:25,903  INFO - account:3   action:transfer    amount:100.0   interest:5.0
2017-05-22 20:18:25,905  INFO - account:6   action:repay    amount:100.0   interest:0.0
2017-05-22 20:36:10,647  INFO - account:1   action:withdraw    amount:100.0   interest:5.0
2017-05-22 20:36:20,383  INFO - account:1   action:repay    amount:100.0   interest:0.0
2017-05-22 21:19:36,711  INFO - account:2   action:withdraw    amount:1000.0   interest:50.0
2017-05-22 21:20:36,007  INFO - account:2   action:repay    amount:1000.0   interest:0.0
2017-05-23 09:31:40,760  INFO - account:2   action:withdraw    amount:100.0   interest:5.0
2017-05-23 09:31:58,367  INFO - account:2   action:repay    amount:100.0   interest:0.0
2017-05-23 09:32:07,558  INFO - account:2   action:transfer    amount:100.0   interest:5.0
2017-05-23 09:32:07,559  INFO - account:1   action:repay    amount:100.0   interest:0.0
2017-05-23 09:32:39,242  INFO - account:1   action:withdraw    amount:100.0   interest:5.0
2017-05-23 10:44:30,300  INFO - account:1   action:consume    amount:8999.0   interest:0.0
2017-05-23 10:44:54,696  INFO - account:1   action:consume    amount:4998.0   interest:0.0
2017-05-23 11:42:39,177  INFO - 开号:3   提现:withdraw    金额:100.0   手续费:5.0
2017-05-23 11:50:42,488  INFO - 开号:3   提现:withdraw    金额:100.0   手续费:5.0
2017-05-23 12:21:31,127  INFO - 开号:3   提现:withdraw    金额:1000.0   手续费:50.0
2017-05-23 12:22:56,488  INFO - 开号:3   提现:withdraw    金额:100.0   手续费:5.0
2017-05-23 12:27:15,873  INFO - 开号:3   提现:withdraw    金额:100.0   手续费:5.0
2017-05-23 12:28:50,748  INFO - 开号:3   提现:withdraw    金额:100.0   手续费:5.0
2017-05-23 12:28:54,184  INFO - 开号:3   还款:repay    金额:100.0   手续费:0.0
2017-05-24 18:21:39,935  INFO - 开号:4   消费:consume    金额:10998.0   手续费:0.0
2017-05-24 18:33:53,518  INFO - 开号:4   消费:consume    金额:8999.0   手续费:0.0
2017-05-24 18:35:12,637  INFO - 开号:4   消费:consume    金额:1999.0   手续费:0.0
2017-05-24 18:35:53,173  INFO - 开号:4   消费:consume    金额:1999.0   手续费:0.0
2017-05-24 18:37:58,279  INFO - 开号:4   消费:consume    金额:1999.0   手续费:0.0
2017-05-24 18:39:27,172  INFO - 开号:4   消费:consume    金额:1999.0   手续费:0.0
2017-05-24 18:40:54,961  INFO - 开号:4   消费:consume    金额:1999.0   手续费:0.0
2017-05-24 18:44:55,121  INFO - 开号:4   消费:consume    金额:11998.0   手续费:0.0
2017-05-24 18:50:21,416  INFO - 开号:4   还款:repay    金额:10992.0   手续费:0.0
